[   INFO   ] MusicExtractorSVM: no classifier models were configured by default
model OK — probe emb shape (4, 128), norms [1.0, 1.0, 1.0, 1.0]
  20 extracted (last 1987-07-19 LB6576: 1428 windows)
  40 extracted (last 1987-09-12 LB15009: 1428 windows)
  60 extracted (last 1987-09-19 LB8000: 1428 windows)
  80 extracted (last 1987-09-29 LB6045: 1428 windows)
  100 extracted (last 1987-10-10 LB5605: 1428 windows)
  120 extracted (last 1988-06-07 LB10719: 1428 windows)
  140 extracted (last 1988-06-11 LB6637: 1428 windows)
  160 extracted (last 1988-07-01 LB12563: 1428 windows)
  180 extracted (last 1988-07-11 LB10897: 1428 windows)
  200 extracted (last 1988-07-22 LB9931: 1428 windows)
  220 extracted (last 1988-08-06 LB4730: 1428 windows)
  240 extracted (last 1988-08-23 LB1092: 1428 windows)
  260 extracted (last 1988-09-07 LB14679: 1428 windows)
  MISS 1988-09-22 LB14682: not in my_collection / folder absent
  280 extracted (last 1988-09-23 LB267: 1428 windows)
  300 extracted (last 1988-10-18 LB462: 1428 windows)
  320 extracted (last 1989-06-04 LB14054: 1428 windows)
  340 extracted (last 1989-06-11 LB2120: 1428 windows)
  360 extracted (last 1989-06-20 LB2136: 1428 windows)
  MISS 1989-06-28 LB2147: not in my_collection / folder absent
  380 extracted (last 1989-07-06 LB5777: 1428 windows)
  400 extracted (last 1989-07-17 LB3637: 1428 windows)
  420 extracted (last 1989-07-28 LB2224: 1428 windows)
  440 extracted (last 1989-08-20 LB7996: 1428 windows)
  460 extracted (last 1989-09-03 LB15232: 1428 windows)
  480 extracted (last 1989-10-13 LB1872: 1428 windows)
  500 extracted (last 1989-10-31 LB4682: 1428 windows)
  520 extracted (last 1989-11-14 LB13611: 1428 windows)
  540 extracted (last 1990-01-30 LB5719: 1428 windows)
  560 extracted (last 1990-02-06 LB5236: 1428 windows)
  580 extracted (last 1990-06-01 LB12884: 1428 windows)
  600 extracted (last 1990-06-13 LB1425: 1428 windows)
  620 extracted (last 1990-07-03 LB1253: 1428 windows)
  640 extracted (last 1990-08-18 LB7375: 1428 windows)
  660 extracted (last 1990-08-28 LB11749: 1428 windows)
  680 extracted (last 1990-09-11 LB13246: 1428 windows)
  700 extracted (last 1990-10-16 LB1175: 1428 windows)
  720 extracted (last 1990-10-26 LB6348: 1428 windows)
  740 extracted (last 1990-11-06 LB2315: 1428 windows)
  760 extracted (last 1990-11-12 LB15484: 1428 windows)
  780 extracted (last 1990-11-17 LB1227: 1428 windows)
  800 extracted (last 1991-02-09 LB9157: 1428 windows)
  820 extracted (last 1991-02-15 LB1943: 1428 windows)
  840 extracted (last 1991-05-02 LB8820: 1428 windows)
  860 extracted (last 1991-06-07 LB15548: 1428 windows)
  880 extracted (last 1991-06-25 LB539: 1428 windows)
  900 extracted (last 1991-07-24 LB10184: 1428 windows)
  920 extracted (last 1991-11-04 LB12565: 1428 windows)
  940 extracted (last 1991-11-13 LB258: 1428 windows)
  960 extracted (last 1992-03-28 LB863: 1428 windows)
  980 extracted (last 1992-04-14 LB15619: 1428 windows)
  1000 extracted (last 1992-05-02 LB8503: 1428 windows)
  1020 extracted (last 1992-06-26 LB5168: 1428 windows)
  1040 extracted (last 1992-07-08 LB2032: 1428 windows)
  1060 extracted (last 1992-09-09 LB10696: 1428 windows)
  1080 extracted (last 1992-11-13 LB9098: 1428 windows)
  1100 extracted (last 1993-02-15 LB9652: 1428 windows)
  1120 extracted (last 1993-04-12 LB184: 1428 windows)
  1140 extracted (last 1993-06-25 LB11499: 1428 windows)
  1160 extracted (last 1993-07-13 LB9152: 1428 windows)
  1180 extracted (last 1993-09-05 LB6095: 1428 windows)
  1200 extracted (last 1993-09-23 LB12629: 1428 windows)
  1220 extracted (last 1994-02-05 LB6855: 1428 windows)
  1240 extracted (last 1994-04-07 LB2529: 1428 windows)
  1260 extracted (last 1994-04-23 LB2505: 1428 windows)
  1280 extracted (last 1994-05-06 LB9484: 1428 windows)
  1300 extracted (last 1994-07-12 LB10905: 1428 windows)
  1320 extracted (last 1994-08-16 LB5668: 1428 windows)
  1340 extracted (last 1994-10-07 LB1972: 1428 windows)
  1360 extracted (last 1994-10-23 LB12701: 1428 windows)
  1380 extracted (last 1995-03-13 LB972: 1428 windows)
  1400 extracted (last 1995-03-24 LB1030: 1428 windows)
  1420 extracted (last 1995-04-04 LB12070: 1428 windows)
  1440 extracted (last 1995-05-17 LB3835: 1428 windows)
  1460 extracted (last 1996-04-19 LB4489: 1428 windows)
  1480 extracted (last 1996-05-12 LB10711: 1428 windows)
  1500 extracted (last 1996-06-22 LB15527: 1428 windows)
  1520 extracted (last 1996-06-29 LB4850: 1428 windows)
  1540 extracted (last 1996-07-13 LB6362: 1428 windows)
  1560 extracted (last 1996-10-23 LB15488: 1428 windows)
  1580 extracted (last 1996-11-10 LB999: 1428 windows)
  1600 extracted (last 1996-11-21 LB478: 1428 windows)
  1620 extracted (last 1997-02-20 LB11810: 1428 windows)
  1640 extracted (last 1998-01-18 LB6476: 1428 windows)
  1660 extracted (last 1998-02-17 LB2391: 1428 windows)
  1680 extracted (last 1998-05-30 LB886: 1428 windows)
  1700 extracted (last 1998-06-10 LB3033: 1428 windows)
  1720 extracted (last 1998-06-16 LB4317: 1428 windows)
  1740 extracted (last 1999-02-25 LB4452: 1428 windows)
  1760 extracted (last 2001-03-06 LB10625: 1428 windows)
  1780 extracted (last 2001-03-30 LB6126: 1428 windows)
  1800 extracted (last 2001-05-01 LB4342: 1428 windows)
  1820 extracted (last 2001-07-03 LB56: 1428 windows)
  1840 extracted (last 2001-07-28 LB576: 1428 windows)
  1860 extracted (last 2001-08-24 LB9654: 1428 windows)
  1880 extracted (last 2001-10-17 LB2413: 1428 windows)
  1900 extracted (last 2001-10-30 LB569: 1428 windows)
  1920 extracted (last 2001-11-10 LB15168: 1428 windows)
  1940 extracted (last 2001-11-24 LB10596: 1428 windows)
Configuration from /home/tjenkins/Documents/losslessbob/tools/tapematch/vendor/neural-music-fp/config/nmfp-triplet.yaml
Argument 'checkpoint_index' was not specified.
Searching for the latest checkpoint...
=== Restored from /home/tjenkins/Documents/losslessbob/tools/tapematch/vendor/neural-music-fp/logs/nmfp/fma-nmfp_deg/checkpoint/nmfp-triplet/ckpt-100 ===
nmfp extraction: extracted=1942 cached-skip=523 failed=2 → tools/tapematch/embed_cache_12x/
