=== tapematch manual session: /mnt/DATA0/examples/tapematch-adhoc  [20260711_142949] ===
  Sources (7):
    1997-11-11 Lisle, IL (DAT from D master)
    1997-11-11 Lisle, IL (LB-13287)
    1997-11-11 Lisle, Illinois (LB-04283)
    1997-11-11 Lisle, Illinois (LB-09042)
    1997-11-11 Lisle, Illinois (LB-9394) NO TORRENT
    1997-11-11 Lisle, Illinois, Benedictine University - Dan and Ada Rice Athletic Center (LB-04854)
    1997-11-11 Lisle, Illinois, Benedictine University, Dan and Ada Rice Athletic Center (LB-01126)

[5] Running tapematch …
  curator lineage pairs loaded: 677 (from /home/tjenkins/Documents/losslessbob/data/losslessbob.db)
  est. peak RAM ~1.1 GB (7 sources, largest 1:48:45)
=== INGEST / TRIM ===
  1997-11-11 Lisle, IL (DAT from D master): 16 tracks, 1:48:29
  1997-11-11 Lisle, IL (LB-13287): 15 tracks, 1:48:13
  1997-11-11 Lisle, Illinois (LB-04283): 16 tracks, 1:47:34
  1997-11-11 Lisle, Illinois (LB-09042): 18 tracks, 1:47:25
  1997-11-11 Lisle, Illinois (LB-9394) NO TORRENT: 18 tracks, 1:48:45
  1997-11-11 Lisle, Illinois, Benedictine University - Dan and Ada Rice Athletic Center (LB-04854): 16 tracks, 1:47:43
  1997-11-11 Lisle, Illinois, Benedictine University, Dan and Ada Rice Athletic Center (LB-01126): 16 tracks, 1:46:56

=== TRIM (performance envelope) ===
  1997-11-11 Lisle, IL (DAT from D master): trimmed 0:00:04 head, 0:00:38 tail -> performance 1:47:46
  1997-11-11 Lisle, IL (LB-13287): trimmed 0:00:27 head, 0:00:13 tail -> performance 1:47:33
  1997-11-11 Lisle, Illinois (LB-04283): trimmed 0:00:00 head, 0:00:00 tail -> performance 1:47:34
  1997-11-11 Lisle, Illinois (LB-09042): trimmed 0:00:34 head, 0:00:01 tail -> performance 1:46:50
  1997-11-11 Lisle, Illinois (LB-9394) NO TORRENT: trimmed 0:00:03 head, 0:00:55 tail -> performance 1:47:47
  1997-11-11 Lisle, Illinois, Benedictine University - Dan and Ada Rice Athletic Center (LB-04854): trimmed 0:00:36 head, 0:00:00 tail -> performance 1:47:08
  1997-11-11 Lisle, Illinois, Benedictine University, Dan and Ada Rice Athletic Center (LB-01126): trimmed 0:00:50 head, 0:00:40 tail -> performance 1:45:26

=== ANCHORS (ref=1997-11-11 Lisle, IL (DAT from D master)) ===
  0:04:52, 0:11:18, 0:26:34, 0:28:28, 0:43:44, 0:49:44, 1:02:10, 1:07:56, 1:17:06, 1:25:56, 1:34:15, 1:47:00

=== LAG CURVES / SPEED (vs ref) ===
  1997-11-11 Lisle, IL (DAT from D master)->1997-11-11 Lisle, IL (LB-13287): speed-unknown  speed ratio=0.999992 (-8 ppm)  [conf=5.9]
  1997-11-11 Lisle, IL (DAT from D master)->1997-11-11 Lisle, Illinois (LB-04283): speed-unknown  speed ratio=1.002962 (+2962 ppm)  [conf=1.2]
  1997-11-11 Lisle, IL (DAT from D master)->1997-11-11 Lisle, Illinois (LB-09042): speed-unknown  speed ratio=1.006114 (+6114 ppm)  [conf=1.6]
  1997-11-11 Lisle, IL (DAT from D master)->1997-11-11 Lisle, Illinois (LB-9394) NO TORRENT: aligned  speed ratio=0.999923 (-77 ppm)
  1997-11-11 Lisle, IL (DAT from D master)->1997-11-11 Lisle, Illinois, Benedictine University - Dan and Ada Rice Athletic Center (LB-04854): speed-unknown  speed ratio=1.003068 (+3068 ppm)  [conf=1.8]
  1997-11-11 Lisle, IL (DAT from D master)->1997-11-11 Lisle, Illinois, Benedictine University, Dan and Ada Rice Athletic Center (LB-01126): speed-unknown  speed ratio=1.025129 (+25129 ppm)  [conf=5.4]

=== RESIDUAL CORRELATION MATRIX ===
  23 pair(s)/source(s) speed-unknown (v2 confidence < 6.0) — routed to fingerprint path only
          1997-11-  LB-13287  LB-04283  LB-09042   LB-9394  LB-04854  LB-01126
  1997-11-     1.000     0.046     0.010     0.009     0.062     0.038     0.035
  LB-13287     0.046     1.000     0.012     0.914     0.021     0.991     0.003
  LB-04283     0.010     0.012     1.000     0.007     0.008     0.008     0.007
  LB-09042     0.009     0.914     0.007     1.000     0.018     0.959     0.008
   LB-9394     0.062     0.021     0.008     0.018     1.000     0.020     0.128
  LB-04854     0.038     0.991     0.008     0.959     0.020     1.000     0.018
  LB-01126     0.035     0.003     0.007     0.008     0.128     0.018     1.000

=== SECONDARY MATCH (windowed coverage + quiet-segment hiss + fingerprint) ===
  18 cross-family pair(s) — computing secondary evidence ...
  1997-11- / LB-9394: hiss 0.81 (99 segs, med 0.428)  [primary corr 0.062] → hiss evidence (below merge threshold)

=== LAG CURVES / SPEED (re-run vs central ref=1997-11-11 Lisle, Illinois, Benedictine University - Dan and Ada Rice Athletic Center (LB-04854)) ===
  anchors: 0:03:31, 0:12:01, 0:25:38, 0:34:46, 0:36:50, 0:49:18, 0:57:41, 1:09:10, 1:16:26, 1:26:50, 1:34:43, 1:41:40
  1997-11-11 Lisle, Illinois, Benedictine University - Dan and Ada Rice Athletic Center (LB-04854)->1997-11-11 Lisle, IL (DAT from D master): speed-unknown  speed ratio=0.996969 (-3031 ppm)
  1997-11-11 Lisle, Illinois, Benedictine University - Dan and Ada Rice Athletic Center (LB-04854)->1997-11-11 Lisle, IL (LB-13287): speed-unknown  speed ratio=0.998448 (-1552 ppm)
  1997-11-11 Lisle, Illinois, Benedictine University - Dan and Ada Rice Athletic Center (LB-04854)->1997-11-11 Lisle, Illinois (LB-04283): speed-unknown  speed ratio=0.998820 (-1180 ppm)
  1997-11-11 Lisle, Illinois, Benedictine University - Dan and Ada Rice Athletic Center (LB-04854)->1997-11-11 Lisle, Illinois (LB-09042): staircase/splice  speed ratio=1.000030 (+30 ppm)
    ^ discontinuous lag curve — staircase pattern (CDR re-tracking or tape edits)
  1997-11-11 Lisle, Illinois, Benedictine University - Dan and Ada Rice Athletic Center (LB-04854)->1997-11-11 Lisle, Illinois (LB-9394) NO TORRENT: speed-unknown  speed ratio=0.996892 (-3108 ppm)
  1997-11-11 Lisle, Illinois, Benedictine University - Dan and Ada Rice Athletic Center (LB-04854)->1997-11-11 Lisle, Illinois, Benedictine University, Dan and Ada Rice Athletic Center (LB-01126): speed-unknown  speed ratio=1.013265 (+13265 ppm)

=== CLUSTERS ===
  Family 1: 1997-11-11 Lisle, IL (DAT from D master)  (mean intra-corr 1.000)
  Family 2: 1997-11-11 Lisle, IL (LB-13287), 1997-11-11 Lisle, Illinois (LB-09042), 1997-11-11 Lisle, Illinois, Benedictine University - Dan and Ada Rice Athletic Center (LB-04854), 1997-11-11 Lisle, Illinois, Benedictine University, Dan and Ada Rice Athletic Center (LB-01126)  (mean intra-corr 0.482 [low confidence])  [chain-unverified: LB-13287/LB-01126; LB-09042/LB-01126; LB-04854/LB-01126 not directly confirmed]
  Family 3: 1997-11-11 Lisle, Illinois (LB-04283)  (mean intra-corr 1.000)
  Family 4: 1997-11-11 Lisle, Illinois (LB-9394) NO TORRENT  (mean intra-corr 1.000)
  Distinct source families: 4

=== LINEAGE EVIDENCE (interpret manually) ===
    source   HF ceiling  noise floor  DC asymmetry
  1997-11-11 Lisle, IL (DAT from D master)       3.0kHz      -74.0dB      +0.00030
  1997-11-11 Lisle, IL (LB-13287)       3.0kHz      -82.1dB      +0.00148
  1997-11-11 Lisle, Illinois (LB-04283)       3.0kHz      -79.3dB      -0.00007
  1997-11-11 Lisle, Illinois (LB-09042)       3.0kHz      -82.2dB      +0.00149
  1997-11-11 Lisle, Illinois (LB-9394) NO TORRENT       3.0kHz      -79.4dB      +0.00014
  1997-11-11 Lisle, Illinois, Benedictine University - Dan and Ada Rice Athletic Center (LB-04854)       3.0kHz      -82.2dB      +0.00148
  1997-11-11 Lisle, Illinois, Benedictine University, Dan and Ada Rice Athletic Center (LB-01126)       1.0kHz      -77.0dB      -0.00085
  (HF ceiling capped by 8000 Hz Nyquist at analysis_sr=16000; run lineage at native rate for real format discrimination)
  (DC asymmetry is a taper/equipment signature — not a reliable source-identity marker)

=== DIAGNOSTICS ===
  [DISTINCT SOURCE] 1997-11-11 Lisle, IL (DAT from D master) (-3031 ppm speed offset, best cross-family corr 0.062): near-zero correlation to all other sources — entirely different recording
  [DISTINCT SOURCE] 1997-11-11 Lisle, Illinois (LB-04283) (-1180 ppm speed offset, best cross-family corr 0.012): near-zero correlation to all other sources — entirely different recording
  [DISTINCT SOURCE] 1997-11-11 Lisle, Illinois (LB-9394) NO TORRENT (-3108 ppm speed offset, best cross-family corr 0.128): near-zero correlation to all other sources — entirely different recording
  curator lineage pairs loaded: 677 (from /home/tjenkins/Documents/losslessbob/data/losslessbob.db)
  est. peak RAM ~1.1 GB (7 sources, largest 1:48:45)
=== INGEST / TRIM ===
  1997-11-11 Lisle, IL (DAT from D master): 16 tracks, 1:48:29
  1997-11-11 Lisle, IL (LB-13287): 15 tracks, 1:48:13
  1997-11-11 Lisle, Illinois (LB-04283): 16 tracks, 1:47:34
  1997-11-11 Lisle, Illinois (LB-09042): 18 tracks, 1:47:25
  1997-11-11 Lisle, Illinois (LB-9394) NO TORRENT: 18 tracks, 1:48:45
  1997-11-11 Lisle, Illinois, Benedictine University - Dan and Ada Rice Athletic Center (LB-04854): 16 tracks, 1:47:43
  1997-11-11 Lisle, Illinois, Benedictine University, Dan and Ada Rice Athletic Center (LB-01126): 16 tracks, 1:46:56

=== TRIM (performance envelope) ===
  1997-11-11 Lisle, IL (DAT from D master): trimmed 0:00:04 head, 0:00:38 tail -> performance 1:47:46
  1997-11-11 Lisle, IL (LB-13287): trimmed 0:00:27 head, 0:00:13 tail -> performance 1:47:33
  1997-11-11 Lisle, Illinois (LB-04283): trimmed 0:00:00 head, 0:00:00 tail -> performance 1:47:34
  1997-11-11 Lisle, Illinois (LB-09042): trimmed 0:00:34 head, 0:00:01 tail -> performance 1:46:50
  1997-11-11 Lisle, Illinois (LB-9394) NO TORRENT: trimmed 0:00:03 head, 0:00:55 tail -> performance 1:47:47
  1997-11-11 Lisle, Illinois, Benedictine University - Dan and Ada Rice Athletic Center (LB-04854): trimmed 0:00:36 head, 0:00:00 tail -> performance 1:47:08
  1997-11-11 Lisle, Illinois, Benedictine University, Dan and Ada Rice Athletic Center (LB-01126): trimmed 0:00:50 head, 0:00:40 tail -> performance 1:45:26

=== ANCHORS (ref=1997-11-11 Lisle, IL (DAT from D master)) ===
  0:04:52, 0:11:18, 0:26:34, 0:28:28, 0:43:44, 0:49:44, 1:02:10, 1:07:56, 1:17:06, 1:25:56, 1:34:15, 1:47:00

=== LAG CURVES / SPEED (vs ref) ===
  1997-11-11 Lisle, IL (DAT from D master)->1997-11-11 Lisle, IL (LB-13287): speed-unknown  speed ratio=0.999992 (-8 ppm)  [conf=5.9]
  1997-11-11 Lisle, IL (DAT from D master)->1997-11-11 Lisle, Illinois (LB-04283): speed-unknown  speed ratio=1.002962 (+2962 ppm)  [conf=1.2]
  1997-11-11 Lisle, IL (DAT from D master)->1997-11-11 Lisle, Illinois (LB-09042): speed-unknown  speed ratio=1.006114 (+6114 ppm)  [conf=1.6]
  1997-11-11 Lisle, IL (DAT from D master)->1997-11-11 Lisle, Illinois (LB-9394) NO TORRENT: aligned  speed ratio=0.999923 (-77 ppm)
  1997-11-11 Lisle, IL (DAT from D master)->1997-11-11 Lisle, Illinois, Benedictine University - Dan and Ada Rice Athletic Center (LB-04854): speed-unknown  speed ratio=1.003068 (+3068 ppm)  [conf=1.8]
  1997-11-11 Lisle, IL (DAT from D master)->1997-11-11 Lisle, Illinois, Benedictine University, Dan and Ada Rice Athletic Center (LB-01126): speed-unknown  speed ratio=1.025129 (+25129 ppm)  [conf=5.4]

=== RESIDUAL CORRELATION MATRIX ===
  23 pair(s)/source(s) speed-unknown (v2 confidence < 6.0) — routed to fingerprint path only
          1997-11-  LB-13287  LB-04283  LB-09042   LB-9394  LB-04854  LB-01126
  1997-11-     1.000     0.046     0.010     0.009     0.062     0.038     0.035
  LB-13287     0.046     1.000     0.012     0.914     0.021     0.991     0.003
  LB-04283     0.010     0.012     1.000     0.007     0.008     0.008     0.007
  LB-09042     0.009     0.914     0.007     1.000     0.018     0.959     0.008
   LB-9394     0.062     0.021     0.008     0.018     1.000     0.020     0.128
  LB-04854     0.038     0.991     0.008     0.959     0.020     1.000     0.018
  LB-01126     0.035     0.003     0.007     0.008     0.128     0.018     1.000

=== SECONDARY MATCH (windowed coverage + quiet-segment hiss + fingerprint) ===
  18 cross-family pair(s) — computing secondary evidence ...
  1997-11- / LB-9394: hiss 0.81 (99 segs, med 0.428)  [primary corr 0.062] → hiss evidence (below merge threshold)

=== LAG CURVES / SPEED (re-run vs central ref=1997-11-11 Lisle, Illinois, Benedictine University - Dan and Ada Rice Athletic Center (LB-04854)) ===
  anchors: 0:03:31, 0:12:01, 0:25:38, 0:34:46, 0:36:50, 0:49:18, 0:57:41, 1:09:10, 1:16:26, 1:26:50, 1:34:43, 1:41:40
  1997-11-11 Lisle, Illinois, Benedictine University - Dan and Ada Rice Athletic Center (LB-04854)->1997-11-11 Lisle, IL (DAT from D master): speed-unknown  speed ratio=0.996969 (-3031 ppm)
  1997-11-11 Lisle, Illinois, Benedictine University - Dan and Ada Rice Athletic Center (LB-04854)->1997-11-11 Lisle, IL (LB-13287): speed-unknown  speed ratio=0.998448 (-1552 ppm)
  1997-11-11 Lisle, Illinois, Benedictine University - Dan and Ada Rice Athletic Center (LB-04854)->1997-11-11 Lisle, Illinois (LB-04283): speed-unknown  speed ratio=0.998820 (-1180 ppm)
  1997-11-11 Lisle, Illinois, Benedictine University - Dan and Ada Rice Athletic Center (LB-04854)->1997-11-11 Lisle, Illinois (LB-09042): staircase/splice  speed ratio=1.000030 (+30 ppm)
    ^ discontinuous lag curve — staircase pattern (CDR re-tracking or tape edits)
  1997-11-11 Lisle, Illinois, Benedictine University - Dan and Ada Rice Athletic Center (LB-04854)->1997-11-11 Lisle, Illinois (LB-9394) NO TORRENT: speed-unknown  speed ratio=0.996892 (-3108 ppm)
  1997-11-11 Lisle, Illinois, Benedictine University - Dan and Ada Rice Athletic Center (LB-04854)->1997-11-11 Lisle, Illinois, Benedictine University, Dan and Ada Rice Athletic Center (LB-01126): speed-unknown  speed ratio=1.013265 (+13265 ppm)

=== CLUSTERS ===
  Family 1: 1997-11-11 Lisle, IL (DAT from D master)  (mean intra-corr 1.000)
  Family 2: 1997-11-11 Lisle, IL (LB-13287), 1997-11-11 Lisle, Illinois (LB-09042), 1997-11-11 Lisle, Illinois, Benedictine University - Dan and Ada Rice Athletic Center (LB-04854), 1997-11-11 Lisle, Illinois, Benedictine University, Dan and Ada Rice Athletic Center (LB-01126)  (mean intra-corr 0.482 [low confidence])  [chain-unverified: LB-13287/LB-01126; LB-09042/LB-01126; LB-04854/LB-01126 not directly confirmed]
  Family 3: 1997-11-11 Lisle, Illinois (LB-04283)  (mean intra-corr 1.000)
  Family 4: 1997-11-11 Lisle, Illinois (LB-9394) NO TORRENT  (mean intra-corr 1.000)
  Distinct source families: 4

=== LINEAGE EVIDENCE (interpret manually) ===
    source   HF ceiling  noise floor  DC asymmetry
  1997-11-11 Lisle, IL (DAT from D master)       3.0kHz      -74.0dB      +0.00030
  1997-11-11 Lisle, IL (LB-13287)       3.0kHz      -82.1dB      +0.00148
  1997-11-11 Lisle, Illinois (LB-04283)       3.0kHz      -79.3dB      -0.00007
  1997-11-11 Lisle, Illinois (LB-09042)       3.0kHz      -82.2dB      +0.00149
  1997-11-11 Lisle, Illinois (LB-9394) NO TORRENT       3.0kHz      -79.4dB      +0.00014
  1997-11-11 Lisle, Illinois, Benedictine University - Dan and Ada Rice Athletic Center (LB-04854)       3.0kHz      -82.2dB      +0.00148
  1997-11-11 Lisle, Illinois, Benedictine University, Dan and Ada Rice Athletic Center (LB-01126)       1.0kHz      -77.0dB      -0.00085
  (HF ceiling capped by 8000 Hz Nyquist at analysis_sr=16000; run lineage at native rate for real format discrimination)
  (DC asymmetry is a taper/equipment signature — not a reliable source-identity marker)

=== DIAGNOSTICS ===
  [DISTINCT SOURCE] 1997-11-11 Lisle, IL (DAT from D master) (-3031 ppm speed offset, best cross-family corr 0.062): near-zero correlation to all other sources — entirely different recording
  [DISTINCT SOURCE] 1997-11-11 Lisle, Illinois (LB-04283) (-1180 ppm speed offset, best cross-family corr 0.012): near-zero correlation to all other sources — entirely different recording
  [DISTINCT SOURCE] 1997-11-11 Lisle, Illinois (LB-9394) NO TORRENT (-3108 ppm speed offset, best cross-family corr 0.128): near-zero correlation to all other sources — entirely different recording


[6] Archiving run …
  Archive → /home/tjenkins/Documents/losslessbob/data/tapematch/runs/20260711_142949_1997-11-11

[7] Logging to observations.db …
  Logged: 1 run, 7 sources, 21 pairs

Report → /home/tjenkins/Documents/losslessbob/tools/tapematch/last_run_report.md
