=== tapematch session: 1990-08-12  [20260702_123635] ===

[1] Querying DB …
  5 entries — Edmonton, AB, Canada, Jubilee Auditorium
    LB-05898
    LB-12257
    LB-12353
    LB-12973
    LB-14330

[2] Resolving paths from my_collection …
  Found 5/5
    LB-05898: /mnt/DYLAN1/Concerts/1990/1990-08-12 Edmonton, AB, Canada, Jubilee Auditorium (LB-05898)
    LB-12257: /mnt/DYLAN1/Concerts/1990/1990-08-12 Edmonton, AB (LB-12257)
    LB-12353: /mnt/DYLAN1/Concerts/1990/1990-08-12 Edmonton, AB (LB-12353)
    LB-12973: /mnt/DYLAN1/Concerts/1990/1990-08-12 Edmonton, AB (LB-12973)
    LB-14330: /mnt/DYLAN1/Concerts/1990/1990-08-12 Edmonton, AB (LB-14330)

[3] Cleaning /mnt/DATA0/examples/tapematch …

[4] Copying 5 folders to /mnt/DATA0/examples/tapematch …
  Copying LB-05898: 1990-08-12 Edmonton, AB, Canada, Jubilee Auditorium (LB-05898) …
  Copying LB-12257: 1990-08-12 Edmonton, AB (LB-12257) …
  Copying LB-12353: 1990-08-12 Edmonton, AB (LB-12353) …
  Copying LB-12973: 1990-08-12 Edmonton, AB (LB-12973) …
  Copying LB-14330: 1990-08-12 Edmonton, AB (LB-14330) …

[5] Running tapematch …
  curator lineage pairs loaded: 677 (from /home/tjenkins/Documents/losslessbob/data/losslessbob.db)
  est. peak RAM ~0.9 GB (5 sources, largest 1:23:46)
=== INGEST / TRIM ===
  1990-08-12 Edmonton, AB (LB-12257): 17 tracks, 1:20:56
  1990-08-12 Edmonton, AB (LB-12353): 17 tracks, 1:20:10
  1990-08-12 Edmonton, AB (LB-12973): 17 tracks, 1:19:36
  1990-08-12 Edmonton, AB (LB-14330): 17 tracks, 1:20:19
  1990-08-12 Edmonton, AB, Canada, Jubilee Auditorium (LB-05898): 18 tracks, 1:23:46

=== TRIM (performance envelope) ===
  1990-08-12 Edmonton, AB (LB-12257): trimmed 0:00:00 head, 0:00:00 tail -> performance 1:20:56
  1990-08-12 Edmonton, AB (LB-12353): trimmed 0:00:00 head, 0:00:00 tail -> performance 1:20:10
  1990-08-12 Edmonton, AB (LB-12973): trimmed 0:00:00 head, 0:00:00 tail -> performance 1:19:36
  1990-08-12 Edmonton, AB (LB-14330): trimmed 0:00:00 head, 0:00:00 tail -> performance 1:20:19
  1990-08-12 Edmonton, AB, Canada, Jubilee Auditorium (LB-05898): trimmed 0:00:12 head, 0:00:00 tail -> performance 1:23:33

=== ANCHORS (ref=1990-08-12 Edmonton, AB (LB-12257)) ===
  0:02:45, 0:12:09, 0:17:26, 0:26:19, 0:31:45, 0:37:23, 0:43:54, 0:49:35, 1:00:21, 1:00:54, 1:11:44, 1:16:54

=== LAG CURVES / SPEED (vs ref) ===
  1990-08-12 Edmonton, AB (LB-12257)->1990-08-12 Edmonton, AB (LB-12353): constant-speed-offset  speed ratio=1.010500 (+10500 ppm)
  1990-08-12 Edmonton, AB (LB-12257)->1990-08-12 Edmonton, AB (LB-12973): constant-speed-offset  speed ratio=1.022500 (+22500 ppm)
  1990-08-12 Edmonton, AB (LB-12257)->1990-08-12 Edmonton, AB (LB-14330): constant-speed-offset  speed ratio=1.010500 (+10500 ppm)
  1990-08-12 Edmonton, AB (LB-12257)->1990-08-12 Edmonton, AB, Canada, Jubilee Auditorium (LB-05898): constant-speed-offset  speed ratio=1.028500 (+28500 ppm)

=== RESIDUAL CORRELATION MATRIX ===
          LB-12257  LB-12353  LB-12973  LB-14330  LB-05898
  LB-12257     1.000     0.007     0.004     0.006     0.003
  LB-12353     0.007     1.000     0.007     0.016     0.002
  LB-12973     0.004     0.007     1.000     0.012     0.004
  LB-14330     0.006     0.016     0.012     1.000     0.005
  LB-05898     0.003     0.002     0.004     0.005     1.000

=== SECONDARY MATCH (windowed coverage + quiet-segment hiss + fingerprint) ===
  10 cross-family pair(s) — computing secondary evidence ...
  No secondary same-source evidence found.

=== LAG CURVES / SPEED (re-run vs central ref=1990-08-12 Edmonton, AB (LB-14330)) ===
  anchors: 0:01:00, 0:13:14, 0:18:12, 0:25:19, 0:31:25, 0:36:59, 0:43:24, 0:50:01, 0:59:32, 1:03:33, 1:11:13, 1:18:07
  1990-08-12 Edmonton, AB (LB-14330)->1990-08-12 Edmonton, AB (LB-12257): constant-speed-offset  speed ratio=0.989500 (-10500 ppm)
  1990-08-12 Edmonton, AB (LB-14330)->1990-08-12 Edmonton, AB (LB-12353): staircase/splice  speed ratio=1.000000 (+0 ppm)
    ^ discontinuous lag curve — staircase pattern (CDR re-tracking or tape edits)
  1990-08-12 Edmonton, AB (LB-14330)->1990-08-12 Edmonton, AB (LB-12973): constant-speed-offset  speed ratio=1.011000 (+11000 ppm)
  1990-08-12 Edmonton, AB (LB-14330)->1990-08-12 Edmonton, AB, Canada, Jubilee Auditorium (LB-05898): constant-speed-offset  speed ratio=1.021500 (+21500 ppm)

=== CLUSTERS ===
  Family 1: 1990-08-12 Edmonton, AB (LB-12257), 1990-08-12 Edmonton, AB (LB-12353), 1990-08-12 Edmonton, AB (LB-12973), 1990-08-12 Edmonton, AB (LB-14330), 1990-08-12 Edmonton, AB, Canada, Jubilee Auditorium (LB-05898)  (mean intra-corr 0.007 [low confidence])  [chain-unverified: LB-12257/LB-12353; LB-12257/LB-12973; LB-12257/LB-14330; LB-12257/LB-05898; LB-12353/LB-12973; LB-12353/LB-14330; LB-12353/LB-05898; LB-12973/LB-14330; LB-12973/LB-05898; LB-14330/LB-05898 not directly confirmed]
  Distinct source families: 1

=== LINEAGE EVIDENCE (interpret manually) ===
    source   HF ceiling  noise floor  DC asymmetry
  1990-08-12 Edmonton, AB (LB-12257)       1.0kHz      -83.9dB      +0.00002
  1990-08-12 Edmonton, AB (LB-12353)       1.0kHz      -75.9dB      +0.00001
  1990-08-12 Edmonton, AB (LB-12973)       1.0kHz      -82.4dB      +0.00001
  1990-08-12 Edmonton, AB (LB-14330)       2.0kHz      -81.0dB      +0.00005
  1990-08-12 Edmonton, AB, Canada, Jubilee Auditorium (LB-05898)       0.0kHz      -87.8dB      +0.00002
  (HF ceiling capped by 8000 Hz Nyquist at analysis_sr=16000; run lineage at native rate for real format discrimination)
  (DC asymmetry is a taper/equipment signature — not a reliable source-identity marker)

=== DIAGNOSTICS ===
  (no anomalies detected)

[6] Archiving run …
  Archive → /home/tjenkins/Documents/losslessbob/data/tapematch/runs/20260702_123635_1990-08-12

[7] Logging to observations.db …
  Logged: 1 run, 5 sources, 10 pairs

Report → /home/tjenkins/Documents/losslessbob/tools/tapematch/last_run_report.md
