=== tapematch session: 1993-04-12  [20260702_152822] ===

[1] Querying DB …
  5 entries — Louisville
    LB-00184
    LB-00879
    LB-02313
    LB-10321
    LB-12557

[2] Resolving paths from my_collection …
  Excluded (private/no-torrent): LB-10321
  Found 4/5
    LB-00184: /mnt/DYLAN1/Concerts/1993/1993-04-12 Louisville (LB-00184)
    LB-00879: /mnt/DYLAN1/Concerts/1993/1993-04-12 Louisville (LB-00879)
    LB-02313: /mnt/DYLAN1/Concerts/1993/1993-04-12 Robert S. Whitney Hall, Louisville Center For The Arts, Louisville, Kentucky (LB-02313)
    LB-12557: /mnt/DYLAN1/Concerts/1993/1993-04-12 Louisville, KY (LB-12557)

[3] Cleaning /mnt/DATA0/examples/tapematch …

[4] Copying 4 folders to /mnt/DATA0/examples/tapematch …
  Copying LB-00184: 1993-04-12 Louisville (LB-00184) …
  Copying LB-00879: 1993-04-12 Louisville (LB-00879) …
  Copying LB-02313: 1993-04-12 Robert S. Whitney Hall, Louisville Center For The Arts, Louisville, Kentucky (LB-02313) …
  Copying LB-12557: 1993-04-12 Louisville, KY (LB-12557) …

[5] Running tapematch …
  curator lineage pairs loaded: 677 (from /home/tjenkins/Documents/losslessbob/data/losslessbob.db)
  est. peak RAM ~1.2 GB (4 sources, largest 2:05:58)
=== INGEST / TRIM ===
  1993-04-12 Louisville (LB-00184): 18 tracks, 2:05:58
  1993-04-12 Louisville (LB-00879): 18 tracks, 2:05:55
  1993-04-12 Louisville, KY (LB-12557): 18 tracks, 2:01:33
  1993-04-12 Robert S. Whitney Hall, Louisville Center For The Arts, Louisville, Kentucky (LB-02313): 18 tracks, 2:03:24

=== TRIM (performance envelope) ===
  1993-04-12 Louisville (LB-00184): trimmed 0:00:01 head, 0:00:42 tail -> performance 2:05:16
  1993-04-12 Louisville (LB-00879): trimmed 0:00:01 head, 0:00:38 tail -> performance 2:05:16
  1993-04-12 Louisville, KY (LB-12557): trimmed 0:00:00 head, 0:00:00 tail -> performance 2:01:33
  1993-04-12 Robert S. Whitney Hall, Louisville Center For The Arts, Louisville, Kentucky (LB-02313): trimmed 0:00:00 head, 0:00:00 tail -> performance 2:03:25

=== ANCHORS (ref=1993-04-12 Louisville (LB-00184)) ===
  0:10:07, 0:14:20, 0:27:27, 0:34:14, 0:47:50, 1:01:35, 1:10:36, 1:18:46, 1:33:50, 1:40:04, 1:54:20, 2:04:45

=== LAG CURVES / SPEED (vs ref) ===
  1993-04-12 Louisville (LB-00184)->1993-04-12 Louisville (LB-00879): aligned  speed ratio=0.999933 (-67 ppm)
  1993-04-12 Louisville (LB-00184)->1993-04-12 Louisville, KY (LB-12557): speed-unknown  speed ratio=1.027503 (+27503 ppm)  [conf=2.0]
  1993-04-12 Louisville (LB-00184)->1993-04-12 Robert S. Whitney Hall, Louisville Center For The Arts, Louisville, Kentucky (LB-02313): speed-unknown  speed ratio=1.012088 (+12088 ppm)  [conf=3.3]

=== RESIDUAL CORRELATION MATRIX ===
  7 pair(s)/source(s) speed-unknown (v2 confidence < 6.0) — routed to fingerprint path only
          LB-00184  LB-00879  LB-12557  LB-02313
  LB-00184     1.000     0.840     0.012     0.230
  LB-00879     0.840     1.000     0.015     0.212
  LB-12557     0.012     0.015     1.000     0.115
  LB-02313     0.230     0.212     0.115     1.000

=== SECONDARY MATCH (windowed coverage + quiet-segment hiss + fingerprint) ===
  5 cross-family pair(s) — computing secondary evidence ...
  LB-00184 / LB-02313: hiss 0.46 (201 segs, med 0.033)  [primary corr 0.230] → hiss evidence (below merge threshold)
  LB-00879 / LB-02313: hiss 0.49 (197 segs, med 0.039)  [primary corr 0.212] → hiss evidence (below merge threshold)
  LB-12557 / LB-02313: fingerprint Dice 0.511 (47873 / 47782 hashes)  [primary corr 0.115] → SECONDARY LINK

=== CLUSTERS ===
  Family 1: 1993-04-12 Louisville (LB-00184), 1993-04-12 Louisville (LB-00879)  (mean intra-corr 0.840 [medium confidence])
  Family 2: 1993-04-12 Louisville, KY (LB-12557), 1993-04-12 Robert S. Whitney Hall, Louisville Center For The Arts, Louisville, Kentucky (LB-02313)  (mean intra-corr 0.115 [fp-linked])  [secondary: LB-12557/LB-02313 via fp 0.511]
  Distinct source families: 2

=== LINEAGE EVIDENCE (interpret manually) ===
    source   HF ceiling  noise floor  DC asymmetry
  1993-04-12 Louisville (LB-00184)       0.0kHz      -83.9dB      +0.00119
  1993-04-12 Louisville (LB-00879)       0.0kHz      -73.9dB      +0.00000
  1993-04-12 Louisville, KY (LB-12557)       0.0kHz      -81.3dB      -0.00012
  1993-04-12 Robert S. Whitney Hall, Louisville Center For The Arts, Louisville, Kentucky (LB-02313)       0.0kHz      -78.8dB      +0.00206
  (HF ceiling capped by 8000 Hz Nyquist at analysis_sr=16000; run lineage at native rate for real format discrimination)
  (DC asymmetry is a taper/equipment signature — not a reliable source-identity marker)

=== DIAGNOSTICS ===
  [SECONDARY SAME-SOURCE] 1993-04-12 Louisville, KY (LB-12557) / 1993-04-12 Robert S. Whitney Hall, Louisville Center For The Arts, Louisville, Kentucky (LB-02313): fingerprint Dice 0.511 — primary corr 0.115 (below threshold); likely remaster or heavily edited copy of same tape
  [MEDIUM CONFIDENCE] Family 1 (1993-04-12 Louisville (LB-00184) / 1993-04-12 Louisville (LB-00879)): corr 0.840 — same source likely but significant processing (resampling, level boost, EQ) may explain reduced correlation

[6] Archiving run …
  Archive → /home/tjenkins/Documents/losslessbob/data/tapematch/runs/20260702_152822_1993-04-12

[7] Logging to observations.db …
  Logged: 1 run, 4 sources, 6 pairs

Report → /home/tjenkins/Documents/losslessbob/tools/tapematch/last_run_report.md
