=== tapematch session: 1995-03-12  [20260702_141434] ===

[1] Querying DB …
  7 entries — Prague, Czech Republic
    LB-01017
    LB-01923
    LB-02919
    LB-07261
    LB-11779
    LB-12717
    LB-14289

[2] Resolving paths from my_collection …
  Found 7/7
    LB-01017: /mnt/DYLAN1/Concerts/1995/1995-03-12 Prague, Czech Republic (LB-01017)
    LB-01923: /mnt/DYLAN1/Concerts/1995/1995-03-12 Prague, Czech Republic (LB-01923)
    LB-02919: /mnt/DYLAN1/Concerts/1995/1995-03-12 Prague, Czech Republic (LB-02919)
    LB-07261: /mnt/DYLAN1/Concerts/1995/1995-03-12 Prague, Czech Republic (LB-07261)
    LB-11779: /mnt/DYLAN1/Concerts/1995/1995-03-12 Prague, Czech Republic (LB-11779)
    LB-12717: /mnt/DYLAN1/Concerts/1995/1995-03-12 Prague, Czechoslovakia, Prague, Czechoslovakia (LB-12717)
    LB-14289: /mnt/DYLAN1/Concerts/1995/1995-03-12 Prague (LB-14289)

[3] Cleaning /mnt/DATA0/examples/tapematch …

[4] Copying 7 folders to /mnt/DATA0/examples/tapematch …
  Copying LB-01017: 1995-03-12 Prague, Czech Republic (LB-01017) …
  Copying LB-01923: 1995-03-12 Prague, Czech Republic (LB-01923) …
  Copying LB-02919: 1995-03-12 Prague, Czech Republic (LB-02919) …
  Copying LB-07261: 1995-03-12 Prague, Czech Republic (LB-07261) …
  Copying LB-11779: 1995-03-12 Prague, Czech Republic (LB-11779) …
  Copying LB-12717: 1995-03-12 Prague, Czechoslovakia, Prague, Czechoslovakia (LB-12717) …
  Copying LB-14289: 1995-03-12 Prague (LB-14289) …

[5] Running tapematch …
  curator lineage pairs loaded: 677 (from /home/tjenkins/Documents/losslessbob/data/losslessbob.db)
  est. peak RAM ~1.1 GB (7 sources, largest 1:50:46)
=== INGEST / TRIM ===
  1995-03-12 Prague (LB-14289): 14 tracks, 1:50:46
  1995-03-12 Prague, Czech Republic (LB-01017): 14 tracks, 1:47:35
  1995-03-12 Prague, Czech Republic (LB-01923): 14 tracks, 1:45:30
  1995-03-12 Prague, Czech Republic (LB-02919): 14 tracks, 1:42:45
  1995-03-12 Prague, Czech Republic (LB-07261): 15 tracks, 1:42:35
  1995-03-12 Prague, Czech Republic (LB-11779): 14 tracks, 1:45:03
  1995-03-12 Prague, Czechoslovakia, Prague, Czechoslovakia (LB-12717): 14 tracks, 1:47:48

=== TRIM (performance envelope) ===
  1995-03-12 Prague (LB-14289): trimmed 0:00:28 head, 0:04:59 tail -> performance 1:45:20
  1995-03-12 Prague, Czech Republic (LB-01017): trimmed 0:00:18 head, 0:00:51 tail -> performance 1:46:27
  1995-03-12 Prague, Czech Republic (LB-01923): trimmed 0:00:02 head, 0:00:07 tail -> performance 1:45:22
  1995-03-12 Prague, Czech Republic (LB-02919): trimmed 0:00:32 head, 0:06:28 tail -> performance 1:35:44
  1995-03-12 Prague, Czech Republic (LB-07261): trimmed 0:00:32 head, 0:00:13 tail -> performance 1:41:50
  1995-03-12 Prague, Czech Republic (LB-11779): trimmed 0:00:14 head, 0:00:09 tail -> performance 1:44:40
  1995-03-12 Prague, Czechoslovakia, Prague, Czechoslovakia (LB-12717): trimmed 0:00:29 head, 0:02:00 tail -> performance 1:45:20

  [INCOMPLETE?] — duration well below group median (1:45:20):
    1995-03-12 Prague, Czech Republic (LB-02919): 1:35:44 (9.1% shorter)

=== ANCHORS (ref=1995-03-12 Prague (LB-14289)) ===
  0:04:55, 0:13:07, 0:26:06, 0:33:08, 0:39:43, 0:47:56, 0:57:14, 1:09:59, 1:13:25, 1:19:11, 1:29:19, 1:37:21

=== LAG CURVES / SPEED (vs ref) ===
  1995-03-12 Prague (LB-14289)->1995-03-12 Prague, Czech Republic (LB-01017): speed-unknown  speed ratio=0.986510 (-13490 ppm)  [conf=3.7]
  1995-03-12 Prague (LB-14289)->1995-03-12 Prague, Czech Republic (LB-01923): staircase/splice  speed ratio=0.999963 (-37 ppm)
    ^ discontinuous lag curve — staircase pattern (CDR re-tracking or tape edits)
  1995-03-12 Prague (LB-14289)->1995-03-12 Prague, Czech Republic (LB-02919): staircase/splice  speed ratio=0.999800 (-200 ppm)
    ^ discontinuous lag curve — staircase pattern (CDR re-tracking or tape edits)
  1995-03-12 Prague (LB-14289)->1995-03-12 Prague, Czech Republic (LB-07261): speed-unknown  speed ratio=1.031370 (+31370 ppm)  [conf=2.3]
  1995-03-12 Prague (LB-14289)->1995-03-12 Prague, Czech Republic (LB-11779): speed-unknown  speed ratio=1.007450 (+7450 ppm)  [conf=1.8]
  1995-03-12 Prague (LB-14289)->1995-03-12 Prague, Czechoslovakia, Prague, Czechoslovakia (LB-12717): aligned  speed ratio=0.999979 (-21 ppm)

=== RESIDUAL CORRELATION MATRIX ===
  18 pair(s)/source(s) speed-unknown (v2 confidence < 6.0) — routed to fingerprint path only
          LB-14289  LB-01017  LB-01923  LB-02919  LB-07261  LB-11779  LB-12717
  LB-14289     1.000     0.017     0.033     0.041     0.035     0.003     0.126
  LB-01017     0.017     1.000     0.018     0.011     0.008     0.003     0.007
  LB-01923     0.033     0.018     1.000     0.028     0.032     0.004     0.055
  LB-02919     0.041     0.011     0.028     1.000     0.889     0.003     0.040
  LB-07261     0.035     0.008     0.032     0.889     1.000     0.002     0.036
  LB-11779     0.003     0.003     0.004     0.003     0.002     1.000     0.004
  LB-12717     0.126     0.007     0.055     0.040     0.036     0.004     1.000

=== SECONDARY MATCH (windowed coverage + quiet-segment hiss + fingerprint) ===
  20 cross-family pair(s) — computing secondary evidence ...
  LB-14289 / LB-12717: hiss 0.46 (127 segs, med 0.194)  [primary corr 0.126] → hiss evidence (below merge threshold)
  LB-02919 / LB-12717: hiss 0.49 (127 segs, med 0.193)  [primary corr 0.040] → hiss evidence (below merge threshold)
  LB-07261 / LB-12717: hiss 0.55 (127 segs, med 0.226)  [primary corr 0.036] → hiss evidence (below merge threshold)

=== LAG CURVES / SPEED (re-run vs central ref=1995-03-12 Prague, Czech Republic (LB-07261)) ===
  anchors: 0:04:26, 0:13:08, 0:18:28, 0:31:48, 0:36:27, 0:47:56, 0:57:27, 1:07:36, 1:13:23, 1:18:44, 1:25:30, 1:34:31
  1995-03-12 Prague, Czech Republic (LB-07261)->1995-03-12 Prague (LB-14289): speed-unknown  speed ratio=0.969672 (-30328 ppm)
  1995-03-12 Prague, Czech Republic (LB-07261)->1995-03-12 Prague, Czech Republic (LB-01017): speed-unknown  speed ratio=0.957131 (-42869 ppm)
  1995-03-12 Prague, Czech Republic (LB-07261)->1995-03-12 Prague, Czech Republic (LB-01923): speed-unknown  speed ratio=0.969243 (-30757 ppm)
  1995-03-12 Prague, Czech Republic (LB-07261)->1995-03-12 Prague, Czech Republic (LB-02919): staircase/splice  speed ratio=1.000000 (+0 ppm)
    ^ discontinuous lag curve — staircase pattern (CDR re-tracking or tape edits)
  1995-03-12 Prague, Czech Republic (LB-07261)->1995-03-12 Prague, Czech Republic (LB-11779): constant-speed-offset  speed ratio=0.975007 (-24993 ppm)
  1995-03-12 Prague, Czech Republic (LB-07261)->1995-03-12 Prague, Czechoslovakia, Prague, Czechoslovakia (LB-12717): speed-unknown  speed ratio=0.969149 (-30851 ppm)

=== CLUSTERS ===
  Family 1: 1995-03-12 Prague (LB-14289), 1995-03-12 Prague, Czech Republic (LB-02919), 1995-03-12 Prague, Czech Republic (LB-07261), 1995-03-12 Prague, Czechoslovakia, Prague, Czechoslovakia (LB-12717)  (mean intra-corr 0.195 [low confidence])  [secondary: LB-14289/LB-12717 via hiss 0.46; LB-02919/LB-12717 via hiss 0.49; LB-07261/LB-12717 via hiss 0.55]  [chain-unverified: LB-14289/LB-02919; LB-14289/LB-07261; LB-14289/LB-12717; LB-02919/LB-12717; LB-07261/LB-12717 not directly confirmed]
  Family 2: 1995-03-12 Prague, Czech Republic (LB-01017)  (mean intra-corr 1.000)
  Family 3: 1995-03-12 Prague, Czech Republic (LB-01923)  (mean intra-corr 1.000)
  Family 4: 1995-03-12 Prague, Czech Republic (LB-11779)  (mean intra-corr 1.000)
  Distinct source families: 4

=== LINEAGE EVIDENCE (interpret manually) ===
    source   HF ceiling  noise floor  DC asymmetry
  1995-03-12 Prague (LB-14289)       3.0kHz      -84.8dB      +0.00226
  1995-03-12 Prague, Czech Republic (LB-01017)       3.0kHz      -81.2dB      -0.00007
  1995-03-12 Prague, Czech Republic (LB-01923)       3.0kHz      -84.4dB      -0.00061
  1995-03-12 Prague, Czech Republic (LB-02919)       3.0kHz      -84.6dB      +0.00202
  1995-03-12 Prague, Czech Republic (LB-07261)       3.0kHz      -80.6dB      +0.00320
  1995-03-12 Prague, Czech Republic (LB-11779)       3.0kHz      -73.7dB      -0.00006
  1995-03-12 Prague, Czechoslovakia, Prague, Czechoslovakia (LB-12717)       3.0kHz      -89.7dB      +0.00127
  (HF ceiling capped by 8000 Hz Nyquist at analysis_sr=16000; run lineage at native rate for real format discrimination)
  (DC asymmetry is a taper/equipment signature — not a reliable source-identity marker)

=== DIAGNOSTICS ===
  [INCOMPLETE] 1995-03-12 Prague, Czech Republic (LB-02919): 1:35:44 vs median 1:45:20 (9.1% shorter) — likely missing material
  [DISTINCT SOURCE] 1995-03-12 Prague, Czech Republic (LB-01017) (-42869 ppm speed offset, best cross-family corr 0.018): near-zero correlation to all other sources — entirely different recording
  [DISTINCT SOURCE] 1995-03-12 Prague, Czech Republic (LB-01923) (-30757 ppm speed offset, best cross-family corr 0.055): near-zero correlation to all other sources — entirely different recording
  [DISTINCT SOURCE] 1995-03-12 Prague, Czech Republic (LB-11779) (-24993 ppm speed offset, best cross-family corr 0.004): near-zero correlation to all other sources — entirely different recording
  [SECONDARY SAME-SOURCE] 1995-03-12 Prague (LB-14289) / 1995-03-12 Prague, Czechoslovakia, Prague, Czechoslovakia (LB-12717): hiss frac 0.46 (127 segs) — primary corr 0.126 (below threshold); likely remaster or heavily edited copy of same tape
  [SECONDARY SAME-SOURCE] 1995-03-12 Prague, Czech Republic (LB-02919) / 1995-03-12 Prague, Czechoslovakia, Prague, Czechoslovakia (LB-12717): hiss frac 0.49 (127 segs) — primary corr 0.040 (below threshold); likely remaster or heavily edited copy of same tape
  [SECONDARY SAME-SOURCE] 1995-03-12 Prague, Czech Republic (LB-07261) / 1995-03-12 Prague, Czechoslovakia, Prague, Czechoslovakia (LB-12717): hiss frac 0.55 (127 segs) — primary corr 0.036 (below threshold); likely remaster or heavily edited copy of same tape
  [MEDIUM CONFIDENCE] Family 1 (1995-03-12 Prague, Czech Republic (LB-02919) / 1995-03-12 Prague, Czech Republic (LB-07261)): corr 0.889 — same source likely but significant processing (resampling, level boost, EQ) may explain reduced correlation

[6] Archiving run …
  Archive → /home/tjenkins/Documents/losslessbob/data/tapematch/runs/20260702_141434_1995-03-12

[7] Logging to observations.db …
  Logged: 1 run, 7 sources, 21 pairs

Report → /home/tjenkins/Documents/losslessbob/tools/tapematch/last_run_report.md
