=== tapematch session: 1996-11-04  [20260702_110018] ===

[1] Querying DB …
  7 entries — Spartanburg, South Carolina
    LB-01062
    LB-01593
    LB-04023
    LB-05173
    LB-09108
    LB-12343
    LB-14002

[2] Resolving paths from my_collection …
  Found 7/7
    LB-01062: /mnt/DYLAN1/Concerts/1996/1996-11-04 Spartanburg, South Carolina (LB-01062)
    LB-01593: /mnt/DYLAN1/Concerts/1996/1996-11-04 Spartanburg (LB-01593)
    LB-04023: /mnt/DYLAN1/Concerts/1996/1996-11-04 Spartanburg, South Carolina, Memorial Auditorium Theater (LB-04023)
    LB-05173: /mnt/DYLAN1/Concerts/1996/1996-11-04 Spartanburg, South Carolina, Memorial Auditorium Theater (LB-05173)
    LB-09108: /mnt/DYLAN1/Concerts/1996/1996-11-04 Spartanburg, South Carolina (LB-09108)
    LB-12343: /mnt/DYLAN1/Concerts/1996/1996-11-04 Spartanburg, SC (LB-12343)
    LB-14002: /mnt/DYLAN1/Concerts/1996/1996-11-04 Spartanburg, SC (LB-14002)

[3] Cleaning /mnt/DATA0/examples/tapematch …

[4] Copying 7 folders to /mnt/DATA0/examples/tapematch …
  Copying LB-01062: 1996-11-04 Spartanburg, South Carolina (LB-01062) …
  Copying LB-01593: 1996-11-04 Spartanburg (LB-01593) …
  Copying LB-04023: 1996-11-04 Spartanburg, South Carolina, Memorial Auditorium Theater (LB-04023) …
  Copying LB-05173: 1996-11-04 Spartanburg, South Carolina, Memorial Auditorium Theater (LB-05173) …
Traceback (most recent call last):
  File "/home/tjenkins/Documents/losslessbob/tools/tapematch/tapematch_session.py", line 1550, in <module>
    raise SystemExit(main())
                     ~~~~^^
  File "/home/tjenkins/Documents/losslessbob/tools/tapematch/tapematch_session.py", line 1512, in main
    return run_date(args.date,
                    dry_run=args.dry_run,
    ...<2 lines>...
                    set_offset=args.set_offset,
                    allow_missing=args.allow_missing)
  File "/home/tjenkins/Documents/losslessbob/tools/tapematch/tapematch_session.py", line 1097, in run_date
    copy_folders(found_folders)
    ~~~~~~~~~~~~^^^^^^^^^^^^^^^
  File "/home/tjenkins/Documents/losslessbob/tools/tapematch/tapematch_session.py", line 476, in copy_folders
    shutil.copytree(str(src), str(dest))
    ~~~~~~~~~~~~~~~^^^^^^^^^^^^^^^^^^^^^
  File "/usr/lib/python3.13/shutil.py", line 593, in copytree
    return _copytree(entries=entries, src=src, dst=dst, symlinks=symlinks,
                     ignore=ignore, copy_function=copy_function,
                     ignore_dangling_symlinks=ignore_dangling_symlinks,
                     dirs_exist_ok=dirs_exist_ok)
  File "/usr/lib/python3.13/shutil.py", line 547, in _copytree
    raise Error(errors)
shutil.Error: [('/mnt/DYLAN1/Concerts/1996/1996-11-04 Spartanburg, South Carolina, Memorial Auditorium Theater (LB-05173)/bd1996-11-04-d2/Track03.flac', '/mnt/DATA0/examples/tapematch/1996-11-04 Spartanburg, South Carolina, Memorial Auditorium Theater (LB-05173)/bd1996-11-04-d2/Track03.flac', "[Errno 2] No such file or directory: '/mnt/DATA0/examples/tapematch/1996-11-04 Spartanburg, South Carolina, Memorial Auditorium Theater (LB-05173)/bd1996-11-04-d2/Track03.flac'"), ('/mnt/DYLAN1/Concerts/1996/1996-11-04 Spartanburg, South Carolina, Memorial Auditorium Theater (LB-05173)/bd1996-11-04-d2/Track04.flac', '/mnt/DATA0/examples/tapematch/1996-11-04 Spartanburg, South Carolina, Memorial Auditorium Theater (LB-05173)/bd1996-11-04-d2/Track04.flac', "[Errno 2] No such file or directory: '/mnt/DATA0/examples/tapematch/1996-11-04 Spartanburg, South Carolina, Memorial Auditorium Theater (LB-05173)/bd1996-11-04-d2/Track04.flac'"), ('/mnt/DYLAN1/Concerts/1996/1996-11-04 Spartanburg, South Carolina, Memorial Auditorium Theater (LB-05173)/bd1996-11-04-d2/Track05.flac', '/mnt/DATA0/examples/tapematch/1996-11-04 Spartanburg, South Carolina, Memorial Auditorium Theater (LB-05173)/bd1996-11-04-d2/Track05.flac', "[Errno 2] No such file or directory: '/mnt/DATA0/examples/tapematch/1996-11-04 Spartanburg, South Carolina, Memorial Auditorium Theater (LB-05173)/bd1996-11-04-d2/Track05.flac'"), ('/mnt/DYLAN1/Concerts/1996/1996-11-04 Spartanburg, South Carolina, Memorial Auditorium Theater (LB-05173)/bd1996-11-04-d2/Track06.flac', '/mnt/DATA0/examples/tapematch/1996-11-04 Spartanburg, South Carolina, Memorial Auditorium Theater (LB-05173)/bd1996-11-04-d2/Track06.flac', "[Errno 2] No such file or directory: '/mnt/DATA0/examples/tapematch/1996-11-04 Spartanburg, South Carolina, Memorial Auditorium Theater (LB-05173)/bd1996-11-04-d2/Track06.flac'"), (<DirEntry 'bd1996-11-04-d2'>, '/mnt/DATA0/examples/tapematch/1996-11-04 Spartanburg, South Carolina, Memorial Auditorium Theater (LB-05173)/bd1996-11-04-d2', "[Errno 2] No such file or directory: '/mnt/DATA0/examples/tapematch/1996-11-04 Spartanburg, South Carolina, Memorial Auditorium Theater (LB-05173)/bd1996-11-04-d2'"), ('/mnt/DYLAN1/Concerts/1996/1996-11-04 Spartanburg, South Carolina, Memorial Auditorium Theater (LB-05173)/bd1996-11-04-Spartanburg.txt', '/mnt/DATA0/examples/tapematch/1996-11-04 Spartanburg, South Carolina, Memorial Auditorium Theater (LB-05173)/bd1996-11-04-Spartanburg.txt', "[Errno 2] No such file or directory: '/mnt/DATA0/examples/tapematch/1996-11-04 Spartanburg, South Carolina, Memorial Auditorium Theater (LB-05173)/bd1996-11-04-Spartanburg.txt'"), ('/mnt/DYLAN1/Concerts/1996/1996-11-04 Spartanburg, South Carolina, Memorial Auditorium Theater (LB-05173)/LBF-05173-lbdir-bd96-11-04-gb.flacf.md5', '/mnt/DATA0/examples/tapematch/1996-11-04 Spartanburg, South Carolina, Memorial Auditorium Theater (LB-05173)/LBF-05173-lbdir-bd96-11-04-gb.flacf.md5', "[Errno 2] No such file or directory: '/mnt/DATA0/examples/tapematch/1996-11-04 Spartanburg, South Carolina, Memorial Auditorium Theater (LB-05173)/LBF-05173-lbdir-bd96-11-04-gb.flacf.md5'"), ('/mnt/DYLAN1/Concerts/1996/1996-11-04 Spartanburg, South Carolina, Memorial Auditorium Theater (LB-05173)/LBF-05173-lbdir-bd96-11-04-gb.flacf.md5.txt', '/mnt/DATA0/examples/tapematch/1996-11-04 Spartanburg, South Carolina, Memorial Auditorium Theater (LB-05173)/LBF-05173-lbdir-bd96-11-04-gb.flacf.md5.txt', "[Errno 2] No such file or directory: '/mnt/DATA0/examples/tapematch/1996-11-04 Spartanburg, South Carolina, Memorial Auditorium Theater (LB-05173)/LBF-05173-lbdir-bd96-11-04-gb.flacf.md5.txt'"), ('/mnt/DYLAN1/Concerts/1996/1996-11-04 Spartanburg, South Carolina, Memorial Auditorium Theater (LB-05173)', '/mnt/DATA0/examples/tapematch/1996-11-04 Spartanburg, South Carolina, Memorial Auditorium Theater (LB-05173)', "[Errno 2] No such file or directory: '/mnt/DATA0/examples/tapematch/1996-11-04 Spartanburg, South Carolina, Memorial Auditorium Theater (LB-05173)'")]
