=== tapematch session: 1996-11-04  [20260702_224438] ===

[1] Querying DB …
  7 entries — Spartanburg, South Carolina
    LB-01062
    LB-01593
    LB-04023
    LB-05173
    LB-09108
    LB-12343
    LB-14002

[2] Resolving paths from my_collection …
  Found 7/7
    LB-01062: /mnt/DYLAN1/Concerts/1996/1996-11-04 Spartanburg, South Carolina (LB-01062)
    LB-01593: /mnt/DYLAN1/Concerts/1996/1996-11-04 Spartanburg (LB-01593)
    LB-04023: /mnt/DYLAN1/Concerts/1996/1996-11-04 Spartanburg, South Carolina, Memorial Auditorium Theater (LB-04023)
    LB-05173: /mnt/DYLAN1/Concerts/1996/1996-11-04 Spartanburg, South Carolina, Memorial Auditorium Theater (LB-05173)
    LB-09108: /mnt/DYLAN1/Concerts/1996/1996-11-04 Spartanburg, South Carolina (LB-09108)
    LB-12343: /mnt/DYLAN1/Concerts/1996/1996-11-04 Spartanburg, SC (LB-12343)
    LB-14002: /mnt/DYLAN1/Concerts/1996/1996-11-04 Spartanburg, SC (LB-14002)

[3] Cleaning /mnt/DATA0/examples/tapematch …

[4] Copying 7 folders to /mnt/DATA0/examples/tapematch …
  Copying LB-01062: 1996-11-04 Spartanburg, South Carolina (LB-01062) …
  Copying LB-01593: 1996-11-04 Spartanburg (LB-01593) …
  Copying LB-04023: 1996-11-04 Spartanburg, South Carolina, Memorial Auditorium Theater (LB-04023) …
  Copying LB-05173: 1996-11-04 Spartanburg, South Carolina, Memorial Auditorium Theater (LB-05173) …
  Copying LB-09108: 1996-11-04 Spartanburg, South Carolina (LB-09108) …
  Copying LB-12343: 1996-11-04 Spartanburg, SC (LB-12343) …
  Copying LB-14002: 1996-11-04 Spartanburg, SC (LB-14002) …

[5] Running tapematch …
  curator lineage pairs loaded: 677 (from /home/tjenkins/Documents/losslessbob/data/losslessbob.db)
  est. peak RAM ~1.2 GB (7 sources, largest 2:04:31)
=== INGEST / TRIM ===
  1996-11-04 Spartanburg (LB-01593): 15 tracks, 2:04:31
  1996-11-04 Spartanburg, SC (LB-12343): 15 tracks, 2:01:55
  1996-11-04 Spartanburg, SC (LB-14002): 15 tracks, 2:01:52
  1996-11-04 Spartanburg, South Carolina (LB-01062): 14 tracks, 2:03:48
  1996-11-04 Spartanburg, South Carolina (LB-09108): 15 tracks, 2:01:45
  1996-11-04 Spartanburg, South Carolina, Memorial Auditorium Theater (LB-04023): 15 tracks, 2:04:31
  1996-11-04 Spartanburg, South Carolina, Memorial Auditorium Theater (LB-05173): 15 tracks, 2:01:42

=== TRIM (performance envelope) ===
  1996-11-04 Spartanburg (LB-01593): trimmed 0:00:00 head, 0:00:00 tail -> performance 2:04:31
  1996-11-04 Spartanburg, SC (LB-12343): trimmed 0:00:00 head, 0:00:00 tail -> performance 2:01:55
  1996-11-04 Spartanburg, SC (LB-14002): trimmed 0:00:00 head, 0:00:00 tail -> performance 2:01:52
  1996-11-04 Spartanburg, South Carolina (LB-01062): trimmed 1:01:15 head, 0:01:47 tail -> performance 1:00:46
  1996-11-04 Spartanburg, South Carolina (LB-09108): trimmed 0:00:00 head, 0:00:00 tail -> performance 2:01:45
  1996-11-04 Spartanburg, South Carolina, Memorial Auditorium Theater (LB-04023): trimmed 0:00:00 head, 0:00:00 tail -> performance 2:04:31
  1996-11-04 Spartanburg, South Carolina, Memorial Auditorium Theater (LB-05173): trimmed 0:00:00 head, 0:00:00 tail -> performance 2:01:42

  [INCOMPLETE?] — duration well below group median (2:01:52):
    1996-11-04 Spartanburg, South Carolina (LB-01062): 1:00:46 (50.1% shorter)

=== ANCHORS (ref=1996-11-04 Spartanburg (LB-01593)) ===
  0:09:44, 0:12:44, 0:29:00, 0:37:06, 0:45:44, 0:54:14, 1:08:24, 1:18:06, 1:33:15, 1:34:43, 1:43:55, 1:56:28

=== LAG CURVES / SPEED (vs ref) ===
  1996-11-04 Spartanburg (LB-01593)->1996-11-04 Spartanburg, SC (LB-12343): speed-unknown  speed ratio=1.023741 (+23741 ppm)  [conf=4.6]
  1996-11-04 Spartanburg (LB-01593)->1996-11-04 Spartanburg, SC (LB-14002): speed-unknown  speed ratio=1.024012 (+24012 ppm)  [conf=5.5]
  1996-11-04 Spartanburg (LB-01593)->1996-11-04 Spartanburg, South Carolina (LB-01062): speed-unknown  speed ratio=0.967000 (-33000 ppm)  [conf=5.1]
  1996-11-04 Spartanburg (LB-01593)->1996-11-04 Spartanburg, South Carolina (LB-09108): speed-unknown  speed ratio=1.020804 (+20804 ppm)  [conf=3.3]
  1996-11-04 Spartanburg (LB-01593)->1996-11-04 Spartanburg, South Carolina, Memorial Auditorium Theater (LB-04023): aligned  speed ratio=0.999975 (-25 ppm)
  1996-11-04 Spartanburg (LB-01593)->1996-11-04 Spartanburg, South Carolina, Memorial Auditorium Theater (LB-05173): speed-unknown  speed ratio=1.020463 (+20463 ppm)  [conf=3.5]

=== RESIDUAL CORRELATION MATRIX ===
  19 pair(s)/source(s) speed-unknown (v2 confidence < 6.0) — routed to fingerprint path only
          LB-01593  LB-12343  LB-14002  LB-01062  LB-09108  LB-04023  LB-05173
  LB-01593     1.000     0.030     0.084     0.003     0.083     0.970     0.067
  LB-12343     0.030     1.000     0.185     0.002     0.212     0.025     0.123
  LB-14002     0.084     0.185     1.000     0.003     0.883     0.073     0.944
  LB-01062     0.003     0.002     0.003     1.000     0.003     0.003     0.002
  LB-09108     0.083     0.212     0.883     0.003     1.000     0.081     0.944
  LB-04023     0.970     0.025     0.073     0.003     0.081     1.000     0.065
  LB-05173     0.067     0.123     0.944     0.002     0.944     0.065     1.000

=== SECONDARY MATCH (windowed coverage + quiet-segment hiss + fingerprint) ===
  17 cross-family pair(s) — computing secondary evidence ...
  LB-01593 / LB-09108: fingerprint Dice 0.575 (44532 / 44911 hashes)  [primary corr 0.083] → SECONDARY LINK
  LB-01593 / LB-05173: fingerprint Dice 0.575 (44532 / 44875 hashes)  [primary corr 0.067] → SECONDARY LINK
  LB-09108 / LB-04023: fingerprint Dice 0.548 (44911 / 44703 hashes)  [primary corr 0.081] → SECONDARY LINK
  LB-04023 / LB-05173: fingerprint Dice 0.563 (44703 / 44875 hashes)  [primary corr 0.065] → SECONDARY LINK

=== LAG CURVES / SPEED (re-run vs central ref=1996-11-04 Spartanburg, South Carolina (LB-09108)) ===
  anchors: 0:08:26, 0:12:47, 0:29:19, 0:39:38, 0:45:47, 0:53:26, 1:08:46, 1:17:07, 1:24:57, 1:33:11, 1:51:35, 1:53:27
  1996-11-04 Spartanburg, South Carolina (LB-09108)->1996-11-04 Spartanburg (LB-01593): speed-unknown  speed ratio=0.979800 (-20200 ppm)
  1996-11-04 Spartanburg, South Carolina (LB-09108)->1996-11-04 Spartanburg, SC (LB-12343): constant-speed-offset  speed ratio=0.999768 (-232 ppm)
  1996-11-04 Spartanburg, South Carolina (LB-09108)->1996-11-04 Spartanburg, SC (LB-14002): staircase/splice  speed ratio=1.000030 (+30 ppm)
    ^ discontinuous lag curve — staircase pattern (CDR re-tracking or tape edits)
  1996-11-04 Spartanburg, South Carolina (LB-09108)->1996-11-04 Spartanburg, South Carolina (LB-01062): speed-unknown  speed ratio=1.040600 (+40600 ppm)
  1996-11-04 Spartanburg, South Carolina (LB-09108)->1996-11-04 Spartanburg, South Carolina, Memorial Auditorium Theater (LB-04023): speed-unknown  speed ratio=0.979876 (-20124 ppm)
  1996-11-04 Spartanburg, South Carolina (LB-09108)->1996-11-04 Spartanburg, South Carolina, Memorial Auditorium Theater (LB-05173): staircase/splice  speed ratio=1.000049 (+49 ppm)
    ^ discontinuous lag curve — staircase pattern (CDR re-tracking or tape edits)

=== CLUSTERS ===
  Family 1: 1996-11-04 Spartanburg (LB-01593), 1996-11-04 Spartanburg, SC (LB-12343), 1996-11-04 Spartanburg, SC (LB-14002), 1996-11-04 Spartanburg, South Carolina (LB-09108), 1996-11-04 Spartanburg, South Carolina, Memorial Auditorium Theater (LB-04023), 1996-11-04 Spartanburg, South Carolina, Memorial Auditorium Theater (LB-05173)  (mean intra-corr 0.318 [low confidence])  [secondary: LB-01593/LB-09108 via fp 0.575; LB-01593/LB-05173 via fp 0.575; LB-09108/LB-04023 via fp 0.548; LB-04023/LB-05173 via fp 0.563]  [chain-unverified: LB-01593/LB-12343; LB-01593/LB-14002; LB-12343/LB-14002; LB-12343/LB-09108; LB-12343/LB-04023; LB-12343/LB-05173; LB-14002/LB-04023 not directly confirmed]
  Family 2: 1996-11-04 Spartanburg, South Carolina (LB-01062)  (mean intra-corr 1.000)
  Distinct source families: 2

=== LINEAGE EVIDENCE (interpret manually) ===
    source   HF ceiling  noise floor  DC asymmetry
  1996-11-04 Spartanburg (LB-01593)       3.0kHz      -78.5dB      +0.07698
  1996-11-04 Spartanburg, SC (LB-12343)       1.0kHz      -87.7dB      -0.00000
  1996-11-04 Spartanburg, SC (LB-14002)       1.0kHz      -84.9dB      +0.00020
  1996-11-04 Spartanburg, South Carolina (LB-01062)       2.0kHz      -82.3dB      -0.00001
  1996-11-04 Spartanburg, South Carolina (LB-09108)       1.0kHz      -86.7dB      +0.00017
  1996-11-04 Spartanburg, South Carolina, Memorial Auditorium Theater (LB-04023)       3.0kHz      -82.0dB      +0.05098
  1996-11-04 Spartanburg, South Carolina, Memorial Auditorium Theater (LB-05173)       1.0kHz      -86.7dB      +0.00017
  (HF ceiling capped by 8000 Hz Nyquist at analysis_sr=16000; run lineage at native rate for real format discrimination)
  (DC asymmetry is a taper/equipment signature — not a reliable source-identity marker)

=== DIAGNOSTICS ===
  [INCOMPLETE] 1996-11-04 Spartanburg, South Carolina (LB-01062): 1:00:46 vs median 2:01:52 (50.1% shorter) — likely missing material
  [DISTINCT SOURCE] 1996-11-04 Spartanburg, South Carolina (LB-01062) (+40600 ppm speed offset, best cross-family corr 0.003): near-zero correlation to all other sources — entirely different recording
  [SECONDARY SAME-SOURCE] 1996-11-04 Spartanburg (LB-01593) / 1996-11-04 Spartanburg, South Carolina (LB-09108): fingerprint Dice 0.575 — primary corr 0.083 (below threshold); likely remaster or heavily edited copy of same tape
  [SECONDARY SAME-SOURCE] 1996-11-04 Spartanburg (LB-01593) / 1996-11-04 Spartanburg, South Carolina, Memorial Auditorium Theater (LB-05173): fingerprint Dice 0.575 — primary corr 0.067 (below threshold); likely remaster or heavily edited copy of same tape
  [SECONDARY SAME-SOURCE] 1996-11-04 Spartanburg, South Carolina (LB-09108) / 1996-11-04 Spartanburg, South Carolina, Memorial Auditorium Theater (LB-04023): fingerprint Dice 0.548 — primary corr 0.081 (below threshold); likely remaster or heavily edited copy of same tape
  [SECONDARY SAME-SOURCE] 1996-11-04 Spartanburg, South Carolina, Memorial Auditorium Theater (LB-04023) / 1996-11-04 Spartanburg, South Carolina, Memorial Auditorium Theater (LB-05173): fingerprint Dice 0.563 — primary corr 0.065 (below threshold); likely remaster or heavily edited copy of same tape
  [MEDIUM CONFIDENCE] Family 1 (1996-11-04 Spartanburg, SC (LB-14002) / 1996-11-04 Spartanburg, South Carolina (LB-09108)): corr 0.883 — same source likely but significant processing (resampling, level boost, EQ) may explain reduced correlation

[6] Archiving run …
  Archive → /home/tjenkins/Documents/losslessbob/data/tapematch/runs/20260702_224438_1996-11-04

[7] Logging to observations.db …
  Logged: 1 run, 7 sources, 21 pairs

Report → /home/tjenkins/Documents/losslessbob/tools/tapematch/last_run_report.md
