=== tapematch session: 1994-04-28  [20260702_160403] ===

[1] Querying DB …
  5 entries — Topeka, KS, USA, Topeka Performing Arts Center
    LB-05569
    LB-06863
    LB-12340
    LB-13213
    LB-14207

[2] Resolving paths from my_collection …
  Found 5/5
    LB-05569: /mnt/DYLAN1/Concerts/1994/1994-04-28 Topeka, KS, USA, Topeka Performing Arts Center (LB-05569)
    LB-06863: /mnt/DYLAN1/Concerts/1994/1994-04-28 Topeka, KS (LB-06863)
    LB-12340: /mnt/DYLAN1/Concerts/1994/1994-04-28 Topeka, KS (LB-12340)
    LB-13213: /mnt/DYLAN1/Concerts/1994/1994-04-28 Topeka, KS (LB-13213)
    LB-14207: /mnt/DYLAN1/Concerts/1994/1994-04-28 Topeka, KS (LB-14207)

[3] Cleaning /mnt/DATA0/examples/tapematch …

[4] Copying 5 folders to /mnt/DATA0/examples/tapematch …
  Copying LB-05569: 1994-04-28 Topeka, KS, USA, Topeka Performing Arts Center (LB-05569) …
  Copying LB-06863: 1994-04-28 Topeka, KS (LB-06863) …
  Copying LB-12340: 1994-04-28 Topeka, KS (LB-12340) …
  Copying LB-13213: 1994-04-28 Topeka, KS (LB-13213) …
  Copying LB-14207: 1994-04-28 Topeka, KS (LB-14207) …

[5] Running tapematch …
  curator lineage pairs loaded: 677 (from /home/tjenkins/Documents/losslessbob/data/losslessbob.db)
  est. peak RAM ~1.4 GB (5 sources, largest 2:25:20)
=== INGEST / TRIM ===
  1994-04-28 Topeka, KS (LB-06863): 22 tracks, 2:25:20
  1994-04-28 Topeka, KS (LB-12340): 15 tracks, 1:49:51
  1994-04-28 Topeka, KS (LB-13213): 15 tracks, 1:49:48
  1994-04-28 Topeka, KS (LB-14207): 15 tracks, 1:49:48
  1994-04-28 Topeka, KS, USA, Topeka Performing Arts Center (LB-05569): 15 tracks, 1:42:19

=== TRIM (performance envelope) ===
  1994-04-28 Topeka, KS (LB-06863): trimmed 0:16:34 head, 0:00:00 tail -> performance 2:08:46
  1994-04-28 Topeka, KS (LB-12340): trimmed 0:00:15 head, 0:02:32 tail -> performance 1:47:04
  1994-04-28 Topeka, KS (LB-13213): trimmed 0:00:15 head, 0:02:32 tail -> performance 1:47:02
  1994-04-28 Topeka, KS (LB-14207): trimmed 0:00:15 head, 0:02:35 tail -> performance 1:46:58
  1994-04-28 Topeka, KS, USA, Topeka Performing Arts Center (LB-05569): trimmed 0:00:08 head, 0:12:30 tail -> performance 1:29:40

  [INCOMPLETE?] — duration well below group median (1:47:02):
    1994-04-28 Topeka, KS, USA, Topeka Performing Arts Center (LB-05569): 1:29:40 (16.2% shorter)

=== ANCHORS (ref=1994-04-28 Topeka, KS (LB-06863)) ===
  0:07:31, 0:21:15, 0:22:24, 0:42:47, 0:48:47, 1:03:03, 1:13:19, 1:16:13, 1:29:16, 1:43:11, 1:49:33, 1:58:47

=== LAG CURVES / SPEED (vs ref) ===
  1994-04-28 Topeka, KS (LB-06863)->1994-04-28 Topeka, KS (LB-12340): speed-unknown  speed ratio=0.954200 (-45800 ppm)  [conf=5.0]
  1994-04-28 Topeka, KS (LB-06863)->1994-04-28 Topeka, KS (LB-13213): speed-unknown  speed ratio=0.954200 (-45800 ppm)  [conf=4.6]
  1994-04-28 Topeka, KS (LB-06863)->1994-04-28 Topeka, KS (LB-14207): speed-unknown  speed ratio=0.954400 (-45600 ppm)  [conf=5.4]
  1994-04-28 Topeka, KS (LB-06863)->1994-04-28 Topeka, KS, USA, Topeka Performing Arts Center (LB-05569): staircase/splice  speed ratio=1.000000 (+0 ppm)
    ^ discontinuous lag curve — staircase pattern (CDR re-tracking or tape edits)

=== RESIDUAL CORRELATION MATRIX ===
  7 pair(s)/source(s) speed-unknown (v2 confidence < 6.0) — routed to fingerprint path only
          LB-06863  LB-12340  LB-13213  LB-14207  LB-05569
  LB-06863     1.000     0.002     0.002     0.002     0.004
  LB-12340     0.002     1.000     0.062     0.085     0.005
  LB-13213     0.002     0.062     1.000     0.882     0.006
  LB-14207     0.002     0.085     0.882     1.000     0.010
  LB-05569     0.004     0.005     0.006     0.010     1.000

=== SECONDARY MATCH (windowed coverage + quiet-segment hiss + fingerprint) ===
  9 cross-family pair(s) — computing secondary evidence ...
  No secondary same-source evidence found.

=== LAG CURVES / SPEED (re-run vs central ref=1994-04-28 Topeka, KS (LB-14207)) ===
  anchors: 0:02:33, 0:13:31, 0:18:30, 0:32:46, 0:38:46, 0:49:36, 1:02:00, 1:04:49, 1:13:02, 1:27:38, 1:34:58, 1:38:36
  1994-04-28 Topeka, KS (LB-14207)->1994-04-28 Topeka, KS (LB-06863): speed-unknown  speed ratio=1.047800 (+47800 ppm)
  1994-04-28 Topeka, KS (LB-14207)->1994-04-28 Topeka, KS (LB-12340): constant-speed-offset  speed ratio=0.999744 (-256 ppm)
  1994-04-28 Topeka, KS (LB-14207)->1994-04-28 Topeka, KS (LB-13213): speed-unknown  speed ratio=1.000333 (+333 ppm)
  1994-04-28 Topeka, KS (LB-14207)->1994-04-28 Topeka, KS, USA, Topeka Performing Arts Center (LB-05569): constant-speed-offset  speed ratio=1.047700 (+47700 ppm)

=== CLUSTERS ===
  Family 1: 1994-04-28 Topeka, KS (LB-06863)  (mean intra-corr 1.000)
  Family 2: 1994-04-28 Topeka, KS (LB-12340), 1994-04-28 Topeka, KS (LB-13213), 1994-04-28 Topeka, KS (LB-14207)  (mean intra-corr 0.343 [low confidence])  [chain-unverified: LB-12340/LB-13213; LB-12340/LB-14207 not directly confirmed]
  Family 3: 1994-04-28 Topeka, KS, USA, Topeka Performing Arts Center (LB-05569)  (mean intra-corr 1.000)
  Distinct source families: 3

=== LINEAGE EVIDENCE (interpret manually) ===
    source   HF ceiling  noise floor  DC asymmetry
  1994-04-28 Topeka, KS (LB-06863)       3.0kHz      -82.6dB      -0.00871
  1994-04-28 Topeka, KS (LB-12340)       2.0kHz      -86.3dB      -0.00003
  1994-04-28 Topeka, KS (LB-13213)       2.0kHz      -84.1dB      +0.00163
  1994-04-28 Topeka, KS (LB-14207)       2.0kHz      -85.5dB      +0.00143
  1994-04-28 Topeka, KS, USA, Topeka Performing Arts Center (LB-05569)       3.0kHz      -83.4dB      -0.00672
  (HF ceiling capped by 8000 Hz Nyquist at analysis_sr=16000; run lineage at native rate for real format discrimination)
  (DC asymmetry is a taper/equipment signature — not a reliable source-identity marker)

=== DIAGNOSTICS ===
  [INCOMPLETE] 1994-04-28 Topeka, KS, USA, Topeka Performing Arts Center (LB-05569): 1:29:40 vs median 1:47:02 (16.2% shorter) — likely missing material
  [TIMING MISMATCH] 1994-04-28 Topeka, KS (LB-06863) / 1994-04-28 Topeka, KS (LB-12340): performance 2:08:46 vs 1:47:04 (21.7 min difference) — timing drift may exceed alignment window; correlation unreliable if same-source
  [TIMING MISMATCH] 1994-04-28 Topeka, KS (LB-06863) / 1994-04-28 Topeka, KS (LB-13213): performance 2:08:46 vs 1:47:02 (21.7 min difference) — timing drift may exceed alignment window; correlation unreliable if same-source
  [TIMING MISMATCH] 1994-04-28 Topeka, KS (LB-06863) / 1994-04-28 Topeka, KS (LB-14207): performance 2:08:46 vs 1:46:58 (21.8 min difference) — timing drift may exceed alignment window; correlation unreliable if same-source
  [DISTINCT SOURCE] 1994-04-28 Topeka, KS (LB-06863) (+47800 ppm speed offset, best cross-family corr 0.004): near-zero correlation to all other sources — entirely different recording
  [DISTINCT SOURCE] 1994-04-28 Topeka, KS, USA, Topeka Performing Arts Center (LB-05569) (+47700 ppm speed offset, best cross-family corr 0.010): near-zero correlation to all other sources — entirely different recording
  [MEDIUM CONFIDENCE] Family 2 (1994-04-28 Topeka, KS (LB-13213) / 1994-04-28 Topeka, KS (LB-14207)): corr 0.882 — same source likely but significant processing (resampling, level boost, EQ) may explain reduced correlation

[6] Archiving run …
  Archive → /home/tjenkins/Documents/losslessbob/data/tapematch/runs/20260702_160403_1994-04-28

[7] Logging to observations.db …
  Logged: 1 run, 5 sources, 10 pairs

Report → /home/tjenkins/Documents/losslessbob/tools/tapematch/last_run_report.md
