[   INFO   ] MusicExtractorSVM: no classifier models were configured by default
model OK — probe emb shape (4, 128), norms [1.0, 1.0, 1.0, 1.0]
  20 extracted (last 1987-07-19 LB6576: 595 windows)
  40 extracted (last 1987-09-13 LB9979: 595 windows)
  60 extracted (last 1987-10-03 LB5519: 595 windows)
  80 extracted (last 1987-10-11 LB5587: 595 windows)
  100 extracted (last 1988-06-10 LB8555: 595 windows)
  120 extracted (last 1988-06-22 LB4689: 595 windows)
  140 extracted (last 1988-07-06 LB12109: 595 windows)
  160 extracted (last 1988-07-24 LB16061: 595 windows)
  180 extracted (last 1988-08-18 LB9646: 595 windows)
  200 extracted (last 1988-09-02 LB14678: 595 windows)
  220 extracted (last 1988-09-15 LB4755: 595 windows)
  MISS 1988-09-22 LB14682: not in my_collection / folder absent
  240 extracted (last 1988-10-14 LB1087: 595 windows)
  260 extracted (last 1989-06-03 LB6441: 595 windows)
  280 extracted (last 1989-06-15 LB6059: 595 windows)
  MISS 1989-06-28 LB2147: not in my_collection / folder absent
  300 extracted (last 1989-06-28 LB3733: 595 windows)
  320 extracted (last 1989-07-11 LB7514: 595 windows)
  340 extracted (last 1989-07-25 LB2223: 595 windows)
  360 extracted (last 1989-08-10 LB9831: 595 windows)
  380 extracted (last 1989-08-27 LB2266: 595 windows)
  400 extracted (last 1989-10-13 LB2303: 595 windows)
  420 extracted (last 1989-10-31 LB9069: 595 windows)
  440 extracted (last 1989-11-14 LB5436: 595 windows)
  460 extracted (last 1990-01-30 LB928: 595 windows)
  480 extracted (last 1990-02-06 LB1848: 595 windows)
  500 extracted (last 1990-06-02 LB12888: 595 windows)
  520 extracted (last 1990-06-17 LB12448: 595 windows)
  540 extracted (last 1990-07-03 LB12994: 595 windows)
  560 extracted (last 1990-08-20 LB6604: 595 windows)
  580 extracted (last 1990-08-31 LB4060: 595 windows)
  600 extracted (last 1990-10-11 LB13554: 595 windows)
  620 extracted (last 1990-10-21 LB15698: 595 windows)
  640 extracted (last 1990-10-28 LB16035: 595 windows)
  660 extracted (last 1990-11-08 LB13427: 595 windows)
  680 extracted (last 1990-11-13 LB8288: 595 windows)
  700 extracted (last 1991-01-30 LB3862: 595 windows)
  720 extracted (last 1991-02-12 LB8220: 595 windows)
  740 extracted (last 1991-02-22 LB1958: 595 windows)
  760 extracted (last 1991-05-11 LB12484: 595 windows)
  780 extracted (last 1991-06-19 LB15755: 595 windows)
  800 extracted (last 1991-07-13 LB4777: 595 windows)
  820 extracted (last 1991-08-14 LB681: 595 windows)
  840 extracted (last 1991-11-09 LB875: 595 windows)
  860 extracted (last 1992-03-21 LB10713: 595 windows)
  880 extracted (last 1992-04-02 LB730: 595 windows)
  900 extracted (last 1992-04-28 LB5387: 595 windows)
  920 extracted (last 1992-05-20 LB4032: 595 windows)
  940 extracted (last 1992-07-05 LB8575: 595 windows)
  960 extracted (last 1992-08-31 LB2598: 595 windows)
  980 extracted (last 1992-11-01 LB3182: 595 windows)
  1000 extracted (last 1993-02-12 LB10411: 595 windows)
  1020 extracted (last 1993-02-23 LB4793: 595 windows)
  1040 extracted (last 1993-06-25 LB3451: 595 windows)
  1060 extracted (last 1993-07-13 LB5717: 595 windows)
  1080 extracted (last 1993-09-04 LB516: 595 windows)
  1100 extracted (last 1993-09-23 LB5921: 595 windows)
  1120 extracted (last 1994-02-05 LB10854: 595 windows)
  1140 extracted (last 1994-04-07 LB15306: 595 windows)
  1160 extracted (last 1994-04-22 LB15189: 595 windows)
  1180 extracted (last 1994-05-07 LB9476: 595 windows)
  1200 extracted (last 1994-07-16 LB6116: 595 windows)
  1220 extracted (last 1994-08-23 LB3207: 595 windows)
  1240 extracted (last 1994-10-08 LB13906: 595 windows)
  1260 extracted (last 1994-11-05 LB3452: 595 windows)
  1280 extracted (last 1995-03-16 LB1618: 595 windows)
  1300 extracted (last 1995-03-31 LB1884: 595 windows)
  1320 extracted (last 1995-04-11 LB6880: 595 windows)
  1340 extracted (last 1996-04-14 LB3054: 595 windows)
  1360 extracted (last 1996-05-08 LB2278: 595 windows)
  1380 extracted (last 1996-06-17 LB11182: 595 windows)
  1400 extracted (last 1996-06-26 LB1104: 595 windows)
  1420 extracted (last 1996-07-09 LB2078: 595 windows)
  1440 extracted (last 1996-08-04 LB690: 595 windows)
  1460 extracted (last 1996-11-02 LB3551: 595 windows)
  1480 extracted (last 1996-11-19 LB878: 595 windows)
  1500 extracted (last 1997-02-16 LB4413: 595 windows)
  1520 extracted (last 1998-01-16 LB11123: 595 windows)
  1540 extracted (last 1998-02-14 LB2247: 595 windows)
  1560 extracted (last 1998-05-22 LB13162: 595 windows)
  1580 extracted (last 1998-06-09 LB4132: 595 windows)
  1600 extracted (last 1998-06-16 LB4383: 595 windows)
  1620 extracted (last 1998-06-26 LB4933: 595 windows)
  1640 extracted (last 2001-03-04 LB3649: 595 windows)
  1660 extracted (last 2001-03-25 LB15204: 595 windows)
  1680 extracted (last 2001-04-27 LB4968: 595 windows)
  1700 extracted (last 2001-07-01 LB4040: 595 windows)
  1720 extracted (last 2001-07-26 LB7275: 595 windows)
  1740 extracted (last 2001-08-21 LB9404: 595 windows)
  1760 extracted (last 2001-10-14 LB4418: 595 windows)
  1780 extracted (last 2001-10-28 LB13640: 595 windows)
  1800 extracted (last 2001-11-09 LB533: 595 windows)
  1820 extracted (last 2001-11-24 LB2936: 595 windows)
Configuration from /home/tjenkins/Documents/losslessbob/tools/tapematch/vendor/neural-music-fp/config/nmfp-triplet.yaml
Argument 'checkpoint_index' was not specified.
Searching for the latest checkpoint...
=== Restored from /home/tjenkins/Documents/losslessbob/tools/tapematch/vendor/neural-music-fp/logs/nmfp/fma-nmfp_deg/checkpoint/nmfp-triplet/ckpt-100 ===
nmfp extraction: extracted=1823 cached-skip=642 failed=2 → /home/tjenkins/Documents/losslessbob/tools/tapematch/embed_cache/
